2018-01-05 17:25:39,000 [lib.core.pipe] INFO: Popup click turn on.
2018-01-05 17:25:39,000 [root] INFO: Start cmd pipe server.
2018-01-05 17:25:39,015 [root] INFO: Automatically selected analysis package "ie"
2018-01-05 17:25:39,015 [root] INFO: Started auxiliary module Screenshots
2018-01-05 17:25:39,030 [root] INFO: Started auxiliary module RecentFiles
2018-01-05 17:25:39,030 [root] INFO: Started auxiliary module Human
2018-01-05 17:25:39,030 [root] INFO: Started auxiliary module HttpServer
2018-01-05 17:25:39,062 [lib.api.process] INFO: Inject type: lightvm
2018-01-05 17:25:39,062 [lib.api.process] INFO: Process injected image file: D:\bin\ProcLauncher.exe
2018-01-05 17:25:39,078 [lib.api.process] INFO: hook type: EXPLOIT|IEXPLORE
2018-01-05 17:25:39,217 [lib.core.pipe] INFO: BUILDTIME: Sep 14 2017 - 15:55:25
2018-01-05 17:25:39,279 [lib.api.process] INFO: Successfully executed process with pid:744, tid:904, app:D:\bin\ProcLauncher.exe, args:-r createprocess -f "\"C:\Program Files\Internet Explorer\iexplore.exe\" \"http://www.so.com\""
2018-01-05 17:25:41,292 [lib.api.process] INFO: Successfully resumed process with pid 744, tid:904
2018-01-05 17:25:41,401 [lib.core.pipe] INFO: ProcLauncher running a process: "C:\Program Files\Internet Explorer\iexplore.exe" "http://www.so.com"!
2018-01-05 17:25:41,401 [lib.api.popupclicklib] INFO: Add process: 3096 to popup click.
2018-01-05 17:25:41,401 [lib.api.process] INFO: Inject type: lightvm
2018-01-05 17:25:41,401 [lib.api.process] INFO: Process injected image file: C:\Program Files\Internet Explorer\iexplore.exe
2018-01-05 17:25:41,401 [lib.api.process] INFO: hook type: EXPLOIT|IEXPLORE
2018-01-05 17:25:41,667 [lib.core.pipe] INFO: BUILDTIME: Sep 14 2017 - 15:55:25
2018-01-05 17:25:42,026 [lib.core.pipe] INFO: MemFill maybe config disable or no items handle success.
2018-01-05 17:25:43,071 [lib.api.process] INFO: Successfully executed process with pid:3096, tid:804
2018-01-05 17:25:43,071 [lib.core.pipe] INFO: Injected into process with pid 3096 and name u'iexplore.exe'
2018-01-05 17:25:48,266 [lib.core.pipe] INFO: Following legitimate IE8 process: "C:\Program Files\Internet Explorer\iexplore.exe" SCODEF:3096 CREDAT:14337!
2018-01-05 17:25:48,266 [lib.api.popupclicklib] INFO: Add process: 3352 to popup click.
2018-01-05 17:25:48,266 [lib.api.process] INFO: Inject type: lightvm
2018-01-05 17:25:48,282 [lib.api.process] INFO: Process injected image file: C:\Program Files\Internet Explorer\iexplore.exe
2018-01-05 17:25:48,282 [lib.api.process] INFO: hook type: EXPLOIT|IEXPLORE
2018-01-05 17:25:48,375 [lib.core.pipe] INFO: BUILDTIME: Sep 14 2017 - 15:55:25
2018-01-05 17:25:48,483 [lib.core.pipe] INFO: MemFill maybe config disable or no items handle success.
2018-01-05 17:25:49,233 [lib.api.process] INFO: Successfully executed process with pid:3352, tid:3332
2018-01-05 17:25:49,233 [lib.core.pipe] INFO: Injected into process with pid 3352 and name u'iexplore.exe'
2018-01-05 17:27:11,569 [root] INFO: Analysis timeout hit, terminating analysis.
2018-01-05 17:27:11,569 [root] INFO: Terminating remaining processes before shutdown.
2018-01-05 17:27:11,569 [lib.api.process] INFO: Successfully terminated process with pid 744.
2018-01-05 17:27:11,585 [lib.api.process] INFO: Successfully terminated process with pid 3096.
2018-01-05 17:27:11,585 [root] INFO: Have close all the behavior log socket.
2018-01-05 17:27:11,601 [lib.api.files] INFO: Upload dropped file to host:c:\users\administrator\appdata\local\microsoft\windows\temporary internet files\content.ie5\kemq2mjw\183[1].js.
2018-01-05 17:27:11,601 [lib.api.files] INFO: Upload dropped file to host:c:\users\administrator\appdata\local\microsoft\windows\temporary internet files\content.ie5\s2p9ecf3\soopensearch[1].xml.
2018-01-05 17:27:11,617 [lib.api.files] INFO: Upload dropped file to host:c:\users\administrator\appdata\local\microsoft\windows\temporary internet files\content.ie5\bjirovpi\t0155d6710e50c9b96b[1].png.
2018-01-05 17:27:11,617 [lib.api.files] INFO: Upload dropped file to host:c:\users\administrator\appdata\local\microsoft\windows\temporary internet files\content.ie5\mt9bg71y\desktop.ini.
2018-01-05 17:27:11,617 [lib.api.files] INFO: Upload dropped file to host:c:\users\administrator\appdata\local\microsoft\windows\temporary internet files\content.ie5\s2p9ecf3\so_com[1].htm.
2018-01-05 17:27:11,631 [lib.api.files] INFO: Upload dropped file to host:c:\users\administrator\appdata\local\microsoft\windows\temporary internet files\content.ie5\s2p9ecf3\t0193445ef54b200e34[1].png.
2018-01-05 17:27:11,631 [lib.api.files] INFO: Upload dropped file to host:c:\users\administrator\appdata\local\microsoft\internet explorer\domstore\sp3rdvab\www.so[1].xml.
2018-01-05 17:27:11,631 [lib.api.files] INFO: Upload dropped file to host:c:\users\administrator\appdata\local\microsoft\internet explorer\recovery\high\active\{678e6243-f1fa-11e7-8192-00163eebca63}.dat.
2018-01-05 17:27:11,631 [lib.api.files] INFO: Upload dropped file to host:c:\users\administrator\appdata\locallow\microsoft\cryptneturlcache\metadata\94308059b57b3142e455b38a6eb92015.
2018-01-05 17:27:11,648 [lib.api.files] INFO: Upload dropped file to host:c:\users\administrator\appdata\roaming\microsoft\windows\cookies\administrator@www.so[2].txt.
2018-01-05 17:27:11,648 [lib.api.files] INFO: Upload dropped file to host:c:\users\administrator\appdata\locallow\microsoft\cryptneturlcache\content\000f7f8fab2d96e6f8cbd5c9a3b4ec90.
2018-01-05 17:27:11,648 [lib.api.files] INFO: Upload dropped file to host:c:\users\administrator\appdata\local\microsoft\windows\temporary internet files\content.ie5\s2p9ecf3\desktop.ini.
2018-01-05 17:27:11,648 [lib.api.files] INFO: Upload dropped file to host:c:\users\administrator\appdata\local\microsoft\windows\temporary internet files\content.ie5\bjirovpi\desktop.ini.
2018-01-05 17:27:11,664 [lib.api.files] INFO: Upload dropped file to host:c:\users\administrator\appdata\local\microsoft\internet explorer\recovery\high\active\recoverystore.{678e6242-f1fa-11e7-8192-00163eebca63}.dat.
2018-01-05 17:27:11,664 [lib.api.files] INFO: Upload dropped file to host:c:\users\administrator\appdata\locallow\microsoft\cryptneturlcache\content\94308059b57b3142e455b38a6eb92015.
2018-01-05 17:27:11,664 [lib.api.files] INFO: Upload dropped file to host:c:\users\administrator\appdata\local\microsoft\windows\temporary internet files\content.ie5\mt9bg71y\t01d1f1a2ae31e3c3e4[1].png.
2018-01-05 17:27:11,664 [lib.api.files] INFO: Upload dropped file to host:c:\users\administrator\appdata\locallow\microsoft\cryptneturlcache\metadata\000f7f8fab2d96e6f8cbd5c9a3b4ec90.
2018-01-05 17:27:11,898 [root] INFO: Analysis completed.
