2016-10-24T11:23:44: >>> Adobe Updater Log Begin >>>
2016-10-24T11:23:44: cmdline option: -logFile = C:\Users\Administrator\AppData\Local\Adobe\Updater6\aum.log
2016-10-24T11:23:44: cmdline option: -logLevel = 2
2016-10-24T11:23:44: Display Language requested = 
2016-10-24T11:23:44: Valid AppID added from global xml file = reader9rdr-en_US
2016-10-24T11:23:44: Could not load adobe_aum2pcd.dll
2016-10-24T11:23:44: No Startup mode specified.
2016-10-24T11:23:44: GetAppIDUpdates: getting available update info for AppID: reader9rdr-en_US
2016-10-24T11:23:46: GetAppIDUpdates: getting .upd file: http://swupmf.adobe.com/manifest/60/win/reader9rdr-en_US.upd
2016-10-24T11:23:46: GetAppIDUpdates: GetManifestProcessingError = 3
2016-10-24T11:23:46: GetAppIDUpdates: getting available update info for AppID: AdobeUpdater
2016-10-24T11:23:46: GetAppIDUpdates: getting .upd file: http://swupmf.adobe.com/manifest/60/win/AdobeUpdater.upd
2016-10-24T11:23:46: GetAppIDUpdates: GetManifestProcessingError = 3
2016-10-24T11:23:46: sLaunchMode is = 
2016-10-24T11:23:46: No manual/schedule workflow to process next
2016-10-24T11:23:46: <<< Adobe Updater Log End <<<


2018-01-05T12:02:05: >>> Adobe Updater Log Begin >>>
2018-01-05T12:02:05: cmdline option: -logFile = C:\Users\Administrator\AppData\Local\Adobe\Updater6\aum.log
2018-01-05T12:02:05: cmdline option: -logLevel = 2
2018-01-05T12:02:05: Display Language requested = en_US
2018-01-05T12:02:05: Valid AppID added from global xml file = reader9rdr-en_US
2018-01-05T12:02:05: Could not load adobe_aum2pcd.dll
2018-01-05T12:02:05: No Startup mode specified.
2018-01-05T12:02:07: GetAppIDUpdates: getting available update info for AppID: reader9rdr-en_US
2018-01-05T12:10:37: GetAppIDUpdates: getting .upd file: http://swupmf.adobe.com/manifest/60/win/reader9rdr-en_US.upd
2018-01-05T12:10:37: GetAppIDUpdates: GetManifestProcessingError = 2
2018-01-05T12:10:37: GetAppIDUpdates: getting available update info for AppID: AdobeUpdater
2018-01-05T12:10:52: GetAppIDUpdates: getting .upd file: http://swupmf.adobe.com/manifest/60/win/AdobeUpdater.upd
2018-01-05T12:10:52: GetAppIDUpdates: GetManifestProcessingError = 2
2018-01-05T12:10:52: sLaunchMode is = 
2018-01-05T12:10:52: No manual/schedule workflow to process next
2018-01-05T12:10:52: <<< Adobe Updater Log End <<<


